(Loading /usr/share/perl5/LaTeXML/Package/TeX.pool.ltxml...
(Loading /usr/share/perl5/LaTeXML/Package/eTeX.pool.ltxml... 0.01 sec)
(Loading /usr/share/perl5/LaTeXML/Package/pdfTeX.pool.ltxml... 0.01 sec) 0.20 sec)
latexmlc (LaTeXML version 0.8.6)
invoked as [/usr/bin/latexmlc --dest=a_esfera.html a_esfera]
processing started Sun Dec 10 16:05:13 2023
(Digesting TeX a_esfera...
(Processing content /home/hannah/Documents/Coding/Server/static/view/a_esfera/a_esfera.tex...
(Loading /usr/share/perl5/LaTeXML/Package/LaTeX.pool.ltxml...
(Loading /usr/share/perl5/LaTeXML/Package/textcomp.sty.ltxml...
(Processing definitions /usr/share/texlive/texmf-dist/tex/latex-dev/base/ts1enc.dfu... 0.04 sec) 0.37 sec) 0.67 sec)
(Loading /usr/share/perl5/LaTeXML/Package/article.cls.ltxml... 0.02 sec)
(Loading /usr/share/perl5/LaTeXML/Package/inputenc.sty.ltxml...
(Loading /usr/share/perl5/LaTeXML/Package/utf8.def.ltxml... 0.01 sec) 0.02 sec)
(Loading /usr/share/perl5/LaTeXML/Package/amsmath.sty.ltxml...
(Loading /usr/share/perl5/LaTeXML/Package/amsbsy.sty.ltxml...
(Loading /usr/share/perl5/LaTeXML/Package/amsgen.sty.ltxml... 0.01 sec) 0.01 sec)
(Loading /usr/share/perl5/LaTeXML/Package/amstext.sty.ltxml... 0.01 sec)
(Loading /usr/share/perl5/LaTeXML/Package/amsopn.sty.ltxml... 0.01 sec) 0.07 sec)
(Loading /usr/share/perl5/LaTeXML/Package/amssymb.sty.ltxml...
(Loading /usr/share/perl5/LaTeXML/Package/amsfonts.sty.ltxml... 0.00 sec) 0.03 sec)
(Loading /usr/share/perl5/LaTeXML/Package/amsthm.sty.ltxml... 0.01 sec)
(Loading /usr/share/perl5/LaTeXML/Package/indentfirst.sty.ltxml... 0.00 sec)
(Loading /usr/share/perl5/LaTeXML/Package/geometry.sty.ltxml...
(Loading /usr/share/perl5/LaTeXML/Package/keyval.sty.ltxml...
(Processing definitions /usr/share/texlive/texmf-dist/tex/latex-dev/graphics/keyval.sty... 0.03 sec) 0.03 sec)
(Loading /usr/share/perl5/LaTeXML/Package/ifpdf.sty.ltxml... 0.00 sec)
(Loading /usr/share/perl5/LaTeXML/Package/ifvtex.sty.ltxml... 0.00 sec)
(Loading /usr/share/perl5/LaTeXML/Package/ifxetex.sty.ltxml... 0.00 sec) 0.06 sec) 2.54 sec) 2.56 sec)
(Building...
(Loading compiled schema /usr/share/perl5/LaTeXML/resources/RelaxNG/LaTeXML.model... 0.01 sec) 2.85 sec)
(Rewriting... 0.13 sec)
(Math Parsing 128 formulae ...... 9.50 sec)
Math parsing succeeded:
   ltx:XMArg: 737/737
   ltx:XMath: 128/128
   ltx:XMWrap: 15/15
Symbols assumed as simple identifiers (with # of occurences):
   'Delta' (12), 'N{italic}' (16), 'R{blackboard}' (11), 'S{bold}' (13), 'S{italic}' (11), 'T{italic}' (8), 'U{italic}' (9), 'd{italic}' (6), 'f{italic}' (13), 'i{italic}' (2), 'p{italic}' (75), 'r{italic}' (15), 't{italic}' (72), 'u{italic}' (12), 'v{italic}' (8), 'x{italic}' (38), 'y{italic}' (148)
Set MATHPARSER_SPECULATE to speculate on possible notations.
(Finalizing... 0.88 sec)
Conversion complete: No obvious problems
(post-processing...
(Scan a_esfera.html processing...
Scan: DBStatus: 485/0 objects
 0.16 sec)
(CrossRef a_esfera.html processing... 0.09 sec)
(MathML::Presentation a_esfera.html 128 to process...
converted 128 Maths
 0.93 sec)
(XSLT[using LaTeXML-html5.xsl] a_esfera.html processing... 0.13 sec)
(Writer a_esfera.html processing... 0.00 sec) 1.33 sec)
Post-processing complete: No obvious problems
processing finished Sun Dec 10 16:05:31 2023
Status:conversion:0
